0 info it worked if it ends with ok
1 verbose cli [ 'node', '/usr/local/bin/npm', 'install', '-g', 'bower' ]
2 info using npm@2.5.1
3 info using node@v0.12.0
4 verbose node symlink /usr/local/bin/node
5 silly cache add args [ 'bower', null ]
6 verbose cache add spec bower
7 silly cache add parsed spec { raw: 'bower',
7 silly cache add   scope: null,
7 silly cache add   name: 'bower',
7 silly cache add   rawSpec: '',
7 silly cache add   spec: '*',
7 silly cache add   type: 'range' }
8 verbose addNamed bower@*
9 silly addNamed semver.valid null
10 silly addNamed semver.validRange *
11 silly addNameRange { name: 'bower', range: '*', hasData: false }
12 silly mapToRegistry name bower
13 silly mapToRegistry using default registry
14 silly mapToRegistry registry https://registry.npmjs.org/
15 silly mapToRegistry uri https://registry.npmjs.org/bower
16 verbose addNameRange registry:https://registry.npmjs.org/bower not in flight; fetching
17 verbose request uri https://registry.npmjs.org/bower
18 verbose request no auth needed
19 info attempt registry request try #1 at 00:57:10
20 verbose request id ddcfaa86bc986f4e
21 verbose etag "CI9ZE21JVVDHB19IHVQLF5H7W"
22 http request GET https://registry.npmjs.org/bower
23 http 200 https://registry.npmjs.org/bower
24 silly get cb [ 200,
24 silly get   { server: 'CouchDB/1.5.0 (Erlang OTP/R16B03)',
24 silly get     etag: '"A15U0AYONXO7Y3HAU3VNRXD3F"',
24 silly get     'content-type': 'application/json',
24 silly get     'cache-control': 'max-age=60',
24 silly get     'content-length': '136456',
24 silly get     'accept-ranges': 'bytes',
24 silly get     date: 'Mon, 23 Nov 2015 08:57:10 GMT',
24 silly get     via: '1.1 varnish',
24 silly get     age: '37',
24 silly get     connection: 'keep-alive',
24 silly get     'x-served-by': 'cache-sjc3131-SJC',
24 silly get     'x-cache': 'HIT',
24 silly get     'x-cache-hits': '2',
24 silly get     'x-timer': 'S1448269030.565448,VS0,VE0',
24 silly get     vary: 'Accept' } ]
25 verbose get saving bower to /Users/jgong/.npm/registry.npmjs.org/bower/.cache.json
26 silly addNameRange number 2 { name: 'bower', range: '*', hasData: true }
27 silly addNameRange versions [ 'bower',
27 silly addNameRange   [ '0.1.0',
27 silly addNameRange     '0.1.2',
27 silly addNameRange     '0.1.3',
27 silly addNameRange     '0.2.0',
27 silly addNameRange     '0.3.0',
27 silly addNameRange     '0.3.1',
27 silly addNameRange     '0.3.2',
27 silly addNameRange     '0.4.0',
27 silly addNameRange     '0.5.0',
27 silly addNameRange     '0.5.1',
27 silly addNameRange     '0.6.0',
27 silly addNameRange     '0.6.1',
27 silly addNameRange     '0.6.2',
27 silly addNameRange     '0.6.3',
27 silly addNameRange     '0.6.4',
27 silly addNameRange     '0.6.5',
27 silly addNameRange     '0.6.6',
27 silly addNameRange     '0.6.7',
27 silly addNameRange     '0.6.8',
27 silly addNameRange     '0.7.0',
27 silly addNameRange     '0.7.1',
27 silly addNameRange     '0.8.0',
27 silly addNameRange     '0.8.1',
27 silly addNameRange     '0.8.2',
27 silly addNameRange     '0.8.3',
27 silly addNameRange     '0.8.4',
27 silly addNameRange     '0.8.5',
27 silly addNameRange     '0.8.6',
27 silly addNameRange     '0.9.0',
27 silly addNameRange     '0.9.1',
27 silly addNameRange     '0.9.2',
27 silly addNameRange     '0.10.0',
27 silly addNameRange     '1.0.0',
27 silly addNameRange     '1.0.1',
27 silly addNameRange     '1.0.2',
27 silly addNameRange     '1.0.3',
27 silly addNameRange     '1.1.0',
27 silly addNameRange     '1.1.1',
27 silly addNameRange     '1.1.2',
27 silly addNameRange     '1.2.0',
27 silly addNameRange     '1.2.1',
27 silly addNameRange     '1.2.2',
27 silly addNameRange     '1.2.3',
27 silly addNameRange     '1.2.4',
27 silly addNameRange     '1.2.5',
27 silly addNameRange     '1.2.6',
27 silly addNameRange     '1.2.7',
27 silly addNameRange     '1.2.8',
27 silly addNameRange     '1.3.0',
27 silly addNameRange     '1.3.1',
27 silly addNameRange     '1.3.2',
27 silly addNameRange     '1.3.3',
27 silly addNameRange     '1.3.4',
27 silly addNameRange     '1.3.5',
27 silly addNameRange     '1.3.6',
27 silly addNameRange     '1.3.7',
27 silly addNameRange     '1.3.8',
27 silly addNameRange     '1.3.9',
27 silly addNameRange     '1.3.10',
27 silly addNameRange     '1.3.11',
27 silly addNameRange     '1.3.12',
27 silly addNameRange     '1.4.0',
27 silly addNameRange     '1.4.1',
27 silly addNameRange     '1.5.0',
27 silly addNameRange     '1.5.1',
27 silly addNameRange     '1.5.2',
27 silly addNameRange     '1.5.3',
27 silly addNameRange     '1.6.2',
27 silly addNameRange     '1.6.3',
27 silly addNameRange     '1.6.4',
27 silly addNameRange     '1.6.5' ] ]
28 verbose addNamed bower@1.6.5
29 silly addNamed semver.valid 1.6.5
30 silly addNamed semver.validRange 1.6.5
31 silly mapToRegistry name bower
32 silly mapToRegistry using default registry
33 silly mapToRegistry registry https://registry.npmjs.org/
34 silly mapToRegistry uri https://registry.npmjs.org/bower
35 verbose addRemoteTarball https://registry.npmjs.org/bower/-/bower-1.6.5.tgz not in flight; adding
36 verbose addRemoteTarball [ 'https://registry.npmjs.org/bower/-/bower-1.6.5.tgz',
36 verbose addRemoteTarball   '59d457122a161e42cc1625bbab8179c214b7ac11' ]
37 info retry fetch attempt 1 at 00:57:11
38 info attempt registry request try #1 at 00:57:11
39 http fetch GET https://registry.npmjs.org/bower/-/bower-1.6.5.tgz
40 http fetch 200 https://registry.npmjs.org/bower/-/bower-1.6.5.tgz
41 silly fetchAndShaCheck shasum 59d457122a161e42cc1625bbab8179c214b7ac11
42 verbose addTmpTarball /var/folders/pj/hh486f390fj_1rnhwst5tmvr0000gn/T/npm-30635-22843aeb/registry.npmjs.org/bower/-/bower-1.6.5.tgz not in flight; adding
43 verbose addTmpTarball already have metadata; skipping unpack for bower@1.6.5
44 silly cache afterAdd bower@1.6.5
45 verbose afterAdd /Users/jgong/.npm/bower/1.6.5/package/package.json not in flight; writing
46 verbose afterAdd /Users/jgong/.npm/bower/1.6.5/package/package.json written
47 silly install resolved [ { name: 'bower',
47 silly install resolved     version: '1.6.5',
47 silly install resolved     description: 'The browser package manager',
47 silly install resolved     author: { name: 'Twitter' },
47 silly install resolved     license: 'MIT',
47 silly install resolved     repository: { type: 'git', url: 'git+https://github.com/bower/bower.git' },
47 silly install resolved     main: 'lib',
47 silly install resolved     homepage: 'http://bower.io',
47 silly install resolved     engines: { node: '>=0.10.0' },
47 silly install resolved     keywords: [ 'bower' ],
47 silly install resolved     dependencies:
47 silly install resolved      { abbrev: '^1.0.5',
47 silly install resolved        archy: '1.0.0',
47 silly install resolved        'bower-config': '^1.2.2',
47 silly install resolved        'bower-endpoint-parser': '^0.2.2',
47 silly install resolved        'bower-json': '^0.4.0',
47 silly install resolved        'bower-logger': '^0.2.2',
47 silly install resolved        'bower-registry-client': '^1.0.0',
47 silly install resolved        cardinal: '0.4.4',
47 silly install resolved        chalk: '^1.0.0',
47 silly install resolved        chmodr: '^1.0.2',
47 silly install resolved        configstore: '^0.3.2',
47 silly install resolved        'decompress-zip': '^0.1.0',
47 silly install resolved        destroy: '^1.0.3',
47 silly install resolved        'fs-write-stream-atomic': '^1.0.4',
47 silly install resolved        fstream: '^1.0.3',
47 silly install resolved        'fstream-ignore': '^1.0.2',
47 silly install resolved        github: '^0.2.3',
47 silly install resolved        glob: '^4.3.2',
47 silly install resolved        'graceful-fs': '^3.0.5',
47 silly install resolved        handlebars: '^2.0.0',
47 silly install resolved        inquirer: '0.10.0',
47 silly install resolved        insight: '^0.7.0',
47 silly install resolved        'is-root': '^1.0.0',
47 silly install resolved        junk: '^1.0.0',
47 silly install resolved        lockfile: '^1.0.0',
47 silly install resolved        'lru-cache': '^2.5.0',
47 silly install resolved        'md5-hex': '^1.0.2',
47 silly install resolved        mkdirp: '0.5.0',
47 silly install resolved        mout: '^0.11.0',
47 silly install resolved        nopt: '^3.0.1',
47 silly install resolved        opn: '^1.0.1',
47 silly install resolved        'p-throttler': '0.1.1',
47 silly install resolved        promptly: '0.2.0',
47 silly install resolved        q: '^1.1.2',
47 silly install resolved        request: '2.53.0',
47 silly install resolved        'request-progress': '0.3.1',
47 silly install resolved        retry: '0.6.1',
47 silly install resolved        rimraf: '^2.2.8',
47 silly install resolved        semver: '^2.3.0',
47 silly install resolved        'shell-quote': '^1.4.2',
47 silly install resolved        'stringify-object': '^1.0.0',
47 silly install resolved        'tar-fs': '^1.4.1',
47 silly install resolved        tmp: '0.0.24',
47 silly install resolved        'update-notifier': '^0.3.0',
47 silly install resolved        'user-home': '^1.1.0',
47 silly install resolved        which: '^1.0.8' },
47 silly install resolved     devDependencies:
47 silly install resolved      { chai: '^1.10.0',
47 silly install resolved        coveralls: '^2.11.2',
47 silly install resolved        'expect.js': '^0.3.1',
47 silly install resolved        grunt: '^0.4.5',
47 silly install resolved        'grunt-cli': '^0.1.13',
47 silly install resolved        'grunt-contrib-jshint': '^0.10.0',
47 silly install resolved        'grunt-contrib-watch': '^0.6.1',
47 silly install resolved        'grunt-exec': '^0.4.6',
47 silly install resolved        'grunt-simple-mocha': '^0.4.0',
47 silly install resolved        istanbul: '^0.3.5',
47 silly install resolved        'load-grunt-tasks': '^2.0.0',
47 silly install resolved        mocha: '^2.1.0',
47 silly install resolved        multiline: '^1.0.2',
47 silly install resolved        nock: '^2.13.0',
47 silly install resolved        'node-uuid': '^1.4.2',
47 silly install resolved        'npm-shrinkwrap': '^5.4.1',
47 silly install resolved        proxyquire: '^1.3.0',
47 silly install resolved        'spawn-sync': '^1.0.5' },
47 silly install resolved     scripts: { test: 'grunt test' },
47 silly install resolved     bin: { bower: 'bin/bower' },
47 silly install resolved     files: [ 'bin', 'lib', 'templates' ],
47 silly install resolved     gitHead: 'a022cdc75ee0693af813a87b40f5de4c74b7baae',
47 silly install resolved     bugs: { url: 'https://github.com/bower/bower/issues' },
47 silly install resolved     bundleDependencies:
47 silly install resolved      [ 'abbrev',
47 silly install resolved        'archy',
47 silly install resolved        'bower-config',
47 silly install resolved        'bower-endpoint-parser',
47 silly install resolved        'bower-json',
47 silly install resolved        'bower-logger',
47 silly install resolved        'bower-registry-client',
47 silly install resolved        'cardinal',
47 silly install resolved        'chalk',
47 silly install resolved        'chmodr',
47 silly install resolved        'configstore',
47 silly install resolved        'decompress-zip',
47 silly install resolved        'destroy',
47 silly install resolved        'fs-write-stream-atomic',
47 silly install resolved        'fstream',
47 silly install resolved        'fstream-ignore',
47 silly install resolved        'github',
47 silly install resolved        'glob',
47 silly install resolved        'graceful-fs',
47 silly install resolved        'handlebars',
47 silly install resolved        'inquirer',
47 silly install resolved        'insight',
47 silly install resolved        'is-root',
47 silly install resolved        'junk',
47 silly install resolved        'lockfile',
47 silly install resolved        'lru-cache',
47 silly install resolved        'md5-hex',
47 silly install resolved        'mkdirp',
47 silly install resolved        'mout',
47 silly install resolved        'nopt',
47 silly install resolved        'opn',
47 silly install resolved        'p-throttler',
47 silly install resolved        'promptly',
47 silly install resolved        'q',
47 silly install resolved        'request',
47 silly install resolved        'request-progress',
47 silly install resolved        'retry',
47 silly install resolved        'rimraf',
47 silly install resolved        'semver',
47 silly install resolved        'shell-quote',
47 silly install resolved        'stringify-object',
47 silly install resolved        'tar-fs',
47 silly install resolved        'tmp',
47 silly install resolved        'update-notifier',
47 silly install resolved        'user-home',
47 silly install resolved        'which' ],
47 silly install resolved     _id: 'bower@1.6.5',
47 silly install resolved     _shasum: '59d457122a161e42cc1625bbab8179c214b7ac11',
47 silly install resolved     _from: 'bower@*',
47 silly install resolved     _npmVersion: '2.14.8',
47 silly install resolved     _nodeVersion: '4.1.1',
47 silly install resolved     _npmUser: { name: 'sheerun', email: 'sheerun@sher.pl' },
47 silly install resolved     dist:
47 silly install resolved      { shasum: '59d457122a161e42cc1625bbab8179c214b7ac11',
47 silly install resolved        tarball: 'http://registry.npmjs.org/bower/-/bower-1.6.5.tgz' },
47 silly install resolved     maintainers: [ [Object], [Object], [Object], [Object], [Object], [Object] ],
47 silly install resolved     directories: {},
47 silly install resolved     _resolved: 'https://registry.npmjs.org/bower/-/bower-1.6.5.tgz' } ]
48 info install bower@1.6.5 into /usr/local/lib
49 info installOne bower@1.6.5
50 verbose installOne of bower to /usr/local/lib not in flight; installing
51 warn locking Error: EACCES, open '/Users/jgong/.npm/_locks/bower-e8debc5417026b57.lock'
51 warn locking     at Error (native)
51 warn locking  /Users/jgong/.npm/_locks/bower-e8debc5417026b57.lock failed { [Error: EACCES, open '/Users/jgong/.npm/_locks/bower-e8debc5417026b57.lock']
51 warn locking   errno: -13,
51 warn locking   code: 'EACCES',
51 warn locking   path: '/Users/jgong/.npm/_locks/bower-e8debc5417026b57.lock' }
52 verbose stack Error: Attempt to unlock /usr/local/lib/node_modules/bower, which hasn't been locked
52 verbose stack     at unlock (/usr/local/lib/node_modules/npm/lib/utils/locker.js:66:11)
52 verbose stack     at cb (/usr/local/lib/node_modules/npm/lib/install.js:929:5)
52 verbose stack     at /usr/local/lib/node_modules/npm/lib/install.js:933:20
52 verbose stack     at /usr/local/lib/node_modules/npm/lib/utils/locker.js:40:9
52 verbose stack     at cb (/usr/local/lib/node_modules/npm/node_modules/lockfile/lockfile.js:149:38)
52 verbose stack     at /usr/local/lib/node_modules/npm/node_modules/lockfile/lockfile.js:177:38
52 verbose stack     at FSReqWrap.oncomplete (fs.js:99:15)
53 verbose cwd /Users/jgong/Desktop/Berkeley/CS170/CS170-Programming-Project
54 error Darwin 14.0.0
55 error argv "node" "/usr/local/bin/npm" "install" "-g" "bower"
56 error node v0.12.0
57 error npm  v2.5.1
58 error Attempt to unlock /usr/local/lib/node_modules/bower, which hasn't been locked
59 error If you need help, you may report this error at:
59 error     <http://github.com/npm/npm/issues>
60 verbose exit [ 1, true ]
